<?xml version="1.0" encoding="UTF-8"?>
<!-- Generated by org.testng.reporters.JUnitReportReporter -->
<testsuite hostname="Aventras-iMac.local" failures="0" tests="2" name="tests.Tests" time="203.037" errors="0" timestamp="2023-02-09T11:47:07 BDT" skipped="0">
  <testcase classname="tests.Tests" name="demoTest" time="0.010"/>
  <system-out/>
  <testcase classname="tests.Tests" name="PrintInvoice" time="203.027"/>
  <system-out/>
</testsuite> <!-- tests.Tests -->
